<?xml version="1.0" encoding="utf-8"?><testsuites name="pytest tests"><testsuite name="pytest" errors="0" failures="0" skipped="0" tests="24" time="18.625" timestamp="2026-02-17T03:23:23.462831+00:00" hostname="agent-env-4141d11e-803c-4f73-b51c-677a45eea76e"><testcase classname="backend.tests.test_booking_system.TestHealthAndBasicEndpoints" name="test_api_root" time="0.286" /><testcase classname="backend.tests.test_booking_system.TestHealthAndBasicEndpoints" name="test_get_salon_profile" time="0.122" /><testcase classname="backend.tests.test_booking_system.TestHealthAndBasicEndpoints" name="test_get_services" time="0.142" /><testcase classname="backend.tests.test_booking_system.TestHealthAndBasicEndpoints" name="test_get_public_features" time="0.114" /><testcase classname="backend.tests.test_booking_system.TestAuthentication" name="test_salon_admin_login_success" time="0.398" /><testcase classname="backend.tests.test_booking_system.TestAuthentication" name="test_platform_admin_login_success" time="0.440" /><testcase classname="backend.tests.test_booking_system.TestAuthentication" name="test_login_invalid_credentials" time="0.103" /><testcase classname="backend.tests.test_booking_system.TestAuthentication" name="test_auth_me_with_valid_token" time="0.498" /><testcase classname="backend.tests.test_booking_system.TestAuthentication" name="test_auth_me_without_token" time="0.146" /><testcase classname="backend.tests.test_booking_system.TestPlatformFeatureFlags" name="test_get_features_as_platform_admin" time="0.573" /><testcase classname="backend.tests.test_booking_system.TestPlatformFeatureFlags" name="test_get_features_as_salon_admin_forbidden" time="0.546" /><testcase classname="backend.tests.test_booking_system.TestPlatformFeatureFlags" name="test_toggle_booking_calendar_enabled" time="0.784" /><testcase classname="backend.tests.test_booking_system.TestPublicBookingAPIs" name="test_get_availability_when_enabled" time="0.741" /><testcase classname="backend.tests.test_booking_system.TestPublicBookingAPIs" name="test_get_availability_when_disabled" time="0.915" /><testcase classname="backend.tests.test_booking_system.TestPublicBookingAPIs" name="test_create_booking_when_enabled" time="1.024" /><testcase classname="backend.tests.test_booking_system.TestPublicBookingAPIs" name="test_create_booking_when_disabled" time="0.993" /><testcase classname="backend.tests.test_booking_system.TestSalonBookingManagement" name="test_get_salon_bookings" time="2.098" /><testcase classname="backend.tests.test_booking_system.TestSalonBookingManagement" name="test_get_salon_bookings_with_date_filter" time="1.010" /><testcase classname="backend.tests.test_booking_system.TestSalonBookingManagement" name="test_update_booking_status" time="1.471" /><testcase classname="backend.tests.test_booking_system.TestSalonBookingManagement" name="test_reschedule_booking" time="1.435" /><testcase classname="backend.tests.test_booking_system.TestSalonBookingManagement" name="test_get_booking_detail" time="1.241" /><testcase classname="backend.tests.test_booking_system.TestSalonBookingManagement" name="test_get_booking_changes" time="1.112" /><testcase classname="backend.tests.test_booking_system.TestSalonBookingManagement" name="test_invalid_status_update" time="1.159" /><testcase classname="backend.tests.test_booking_system.TestBookingWhenDisabled" name="test_salon_bookings_when_disabled" time="1.153" /></testsuite></testsuites>