<?xml version="1.0" encoding="utf-8"?><testsuites name="pytest tests"><testsuite name="pytest" errors="0" failures="0" skipped="0" tests="10" time="3.769" timestamp="2026-02-17T06:35:01.138018+00:00" hostname="agent-env-2d93e39c-3b8f-45f0-bb0f-9cbcf2c822a8"><testcase classname="backend.tests.test_staff_assignment.TestStaffEndpoint" name="test_get_staff_returns_list" time="0.776" /><testcase classname="backend.tests.test_staff_assignment.TestStaffEndpoint" name="test_get_staff_returns_3_preseeded_staff" time="0.093" /><testcase classname="backend.tests.test_staff_assignment.TestStaffEndpoint" name="test_staff_has_required_fields" time="0.216" /><testcase classname="backend.tests.test_staff_assignment.TestStaffEndpoint" name="test_staff_ids_match_expected" time="0.171" /><testcase classname="backend.tests.test_staff_assignment.TestStaffAssignmentOnConfirm" name="test_confirm_booking_with_staff_assignment" time="0.858" /><testcase classname="backend.tests.test_staff_assignment.TestStaffAssignmentOnConfirm" name="test_confirm_booking_without_staff" time="0.553" /><testcase classname="backend.tests.test_staff_assignment.TestStaffAssignmentUpdate" name="test_update_staff_on_confirmed_booking" time="0.241" /><testcase classname="backend.tests.test_staff_assignment.TestStaffAssignmentUpdate" name="test_staff_change_logged_in_audit" time="0.358" /><testcase classname="backend.tests.test_staff_assignment.TestStaffNameInBookingList" name="test_booking_list_includes_staff_name" time="0.109" /><testcase classname="backend.tests.test_staff_assignment.TestStaffNameInBookingList" name="test_booking_detail_includes_staff_info" time="0.342" /></testsuite></testsuites>